<?xml version="1.0" encoding="UTF-8"?>
<!-- Generated by org.testng.reporters.JUnitReportReporter -->
<testsuite hostname="hp-PC" name="org.functionalTests.module3.FunctionalTestsFromModule3" tests="2" failures="0" timestamp="25 Dec 2019 19:51:12 GMT" time="78.346" errors="0">
  <testcase name="Module1Test2" time="37.663" classname="org.functionalTests.module3.FunctionalTestsFromModule3"/>
  <testcase name="Module1Test1" time="40.683" classname="org.functionalTests.module3.FunctionalTestsFromModule3"/>
</testsuite> <!-- org.functionalTests.module3.FunctionalTestsFromModule3 -->
