<?xml version="1.0" encoding="UTF-8"?>
<!-- Generated by org.testng.reporters.JUnitReportReporter -->
<testsuite hostname="hp-PC" name="org.functionalTests.module1.FunctionalTestsFromModule1" tests="3" failures="0" timestamp="15 Dec 2019 02:57:21 GMT" time="75.680" errors="0">
  <testcase name="createAccount" time="32.782" classname="org.functionalTests.module1.FunctionalTestsFromModule1"/>
  <testcase name="deleteAccount" time="19.842" classname="org.functionalTests.module1.FunctionalTestsFromModule1"/>
  <testcase name="updateAccount" time="23.056" classname="org.functionalTests.module1.FunctionalTestsFromModule1"/>
</testsuite> <!-- org.functionalTests.module1.FunctionalTestsFromModule1 -->
