<?xml version="1.0" encoding="UTF-8"?>
<!-- Generated by org.testng.reporters.JUnitReportReporter -->
<testsuite hostname="hp-PC" name="org.functionalTests.module2.FunctionalTestsFromModule2" tests="4" failures="0" timestamp="25 Dec 2019 19:49:15 GMT" time="0.116" errors="0">
  <testcase name="test1" time="0.005" classname="org.functionalTests.module2.FunctionalTestsFromModule2"/>
  <testcase name="test3" time="0.003" classname="org.functionalTests.module2.FunctionalTestsFromModule2"/>
  <testcase name="test4" time="0.097" classname="org.functionalTests.module2.FunctionalTestsFromModule2"/>
  <testcase name="test2" time="0.011" classname="org.functionalTests.module2.FunctionalTestsFromModule2"/>
</testsuite> <!-- org.functionalTests.module2.FunctionalTestsFromModule2 -->
