<?xml version="1.0" encoding="UTF-8"?>
<!-- Generated by org.testng.reporters.JUnitReportReporter -->
<testsuite hostname="hp-PC" name="org.functionalTests.module1.FunctionalTestsFromModule1" tests="2" failures="0" timestamp="25 Dec 2019 19:46:13 GMT" time="80.857" errors="0">
  <testcase name="Module1Test2" time="32.364" classname="org.functionalTests.module1.FunctionalTestsFromModule1"/>
  <testcase name="Module1Test1" time="48.493" classname="org.functionalTests.module1.FunctionalTestsFromModule1"/>
</testsuite> <!-- org.functionalTests.module1.FunctionalTestsFromModule1 -->
