<?xml version="1.0" encoding="UTF-8"?>
<!-- Generated by org.testng.reporters.JUnitReportReporter -->
<testsuite hostname="hp-PC" name="org.functionalTests.module1.FunctionalTestsFromModule1" tests="2" failures="0" timestamp="14 Dec 2019 02:10:43 GMT" time="36.019" errors="0">
  <testcase name="createAccount" time="22.477" classname="org.functionalTests.module1.FunctionalTestsFromModule1"/>
  <testcase name="updateAccount" time="13.542" classname="org.functionalTests.module1.FunctionalTestsFromModule1"/>
</testsuite> <!-- org.functionalTests.module1.FunctionalTestsFromModule1 -->
